<?xml version="1.0" encoding="UTF-8"?>
<!-- Generated by org.testng.reporters.JUnitReportReporter -->
<testsuite hostname="HYDPCM364985L" failures="0" tests="1" name="postApi.createMpOrder" time="2.660" errors="0" timestamp="2023-09-27T17:47:08 IST" skipped="0">
  <testcase classname="postApi.createMpOrder" name="CreateMpOrder" time="2.660"/>
  <system-out/>
</testsuite> <!-- postApi.createMpOrder -->
